<?xml version="1.0" encoding="UTF-8"?>
<!-- Generated by org.testng.reporters.JUnitXMLReporter -->
<testsuite ignored="0" hostname="CSCO-W-PF2PQH8B" failures="0" tests="9" name="RduCURD" time="6.199" errors="0" timestamp="2024-02-27T16:51:11 IST">
  <testcase classname="api.test.RestPWSTest" name="testAddRdu" time="2.627"/>
  <testcase classname="api.test.RestPWSTest" name="testGetRdu" time="0.16"/>
  <testcase classname="api.test.RestPWSTest" name="testUpdateRdu" time="0.354"/>
  <testcase classname="api.test.RestPWSTest" name="testDeleteRdu" time="0.127"/>
  <testcase classname="api.test.COSTest" name="testCreateSession" time="0.84"/>
  <testcase classname="api.test.COSTest" name="testAddCOS" time="0.147"/>
  <testcase classname="api.test.COSTest" name="testGetCOS" time="0.144"/>
  <testcase classname="api.test.COSTest" name="testUpdateCOS" time="0.299"/>
  <testcase classname="api.test.COSTest" name="testDeleteCOS" time="0.307"/>
</testsuite> <!-- RduCURD -->
