<?xml version="1.0" encoding="UTF-8"?>
<!-- Generated by org.testng.reporters.JUnitXMLReporter -->
<testsuite ignored="0" hostname="CSCO-W-PF2PQH8B" failures="2" tests="26" name="RduCURD" time="9.389" errors="0" timestamp="2024-03-07T19:31:32 IST">
  <testcase classname="api.test.RestPWSTest" name="testAddRdu" time="1.959"/>
  <testcase classname="api.test.RestPWSTest" name="testGetRdu" time="0.219"/>
  <testcase classname="api.test.RestPWSTest" name="testUpdateRdu" time="0.546"/>
  <testcase classname="api.test.RestPWSTest" name="testDeleteRdu" time="0.201"/>
  <testcase classname="api.test.COSTest" name="testCreateSession" time="0.815"/>
  <testcase classname="api.test.COSTest" name="testAddCOS" time="0.197"/>
  <testcase classname="api.test.COSTest" name="testGetCOS" time="0.203"/>
  <testcase classname="api.test.COSTest" name="testUpdateCOS" time="0.404"/>
  <testcase classname="api.test.COSTest" name="testDeleteCOS" time="0.411"/>
  <testcase classname="api.test.ServerOperationTest" name="testCreateSession" time="0.31"/>
  <testcase classname="api.test.ServerOperationTest" name="testGetAllCnrs" time="0.187"/>
  <testcase classname="api.test.ServerOperationTest" name="testGetAllDpes" time="0.153"/>
  <testcase classname="api.test.ServerOperationTest" name="testgetAllProvGrps" time="0.151"/>
  <testcase classname="api.test.ServerOperationTest" name="testgetCNRDetails" time="0.205"/>
  <testcase classname="api.test.ServerOperationTest" name="testgetDefaults" time="0.312"/>
  <testcase classname="api.test.ServerOperationTest" name="testgetDPEDefaults" time="0.154">
    <failure type="java.lang.AssertionError" message="expected [200] but found [404]">
      <![CDATA[java.lang.AssertionError: expected [200] but found [404]
at api.test.ServerOperationTest.testgetDPEDefaults(ServerOperationTest.java:132)
at java.base/java.util.ArrayList.forEach(ArrayList.java:1596)
... Removed 36 stack frames]]>
    </failure>
  </testcase> <!-- testgetDPEDefaults -->
  <testcase classname="api.test.ServerOperationTest" name="testgetDPEDetails" time="0.222">
    <failure type="java.lang.AssertionError" message="expected [200] but found [404]">
      <![CDATA[java.lang.AssertionError: expected [200] but found [404]
at api.test.ServerOperationTest.testgetDPEDetails(ServerOperationTest.java:144)
at java.base/java.util.ArrayList.forEach(ArrayList.java:1596)
... Removed 36 stack frames]]>
    </failure>
  </testcase> <!-- testgetDPEDetails -->
  <testcase classname="api.test.ServerOperationTest" name="testgetExtenPointSettings" time="0.163"/>
  <testcase classname="api.test.ServerOperationTest" name="testchangeDetafuls" time="0.214"/>
  <testcase classname="api.test.ServerOperationTest" name="testchangeRDUDetafuls" time="0.273"/>
  <testcase classname="api.test.SearchTest" name="testCreateSession" time="0.144"/>
  <testcase classname="api.test.SearchTest" name="testCOSSearch" time="0.193"/>
  <testcase classname="api.test.SearchTest" name="testDhcpSearch" time="0.24"/>
  <testcase classname="api.test.SearchTest" name="testFileSearch" time="0.258"/>
  <testcase classname="api.test.SearchTest" name="testGroupSearch" time="0.239"/>
  <testcase classname="api.test.SearchTest" name="testSearchDevices" time="0.204"/>
</testsuite> <!-- RduCURD -->
