<?xml version="1.0" encoding="UTF-8"?>
<!-- Generated by org.testng.reporters.JUnitXMLReporter -->
<testsuite ignored="0" hostname="CSCO-W-PF2PQH8B" failures="0" tests="4" name="Default test" time="3.846" errors="0" timestamp="2024-02-21T15:38:24 IST">
  <testcase classname="api.test.DDTest" name="DeleteAllRdu" time="2.11"/>
  <testcase classname="api.test.DDTest" name="DeleteAllRdu" time="0.219"/>
  <testcase classname="api.test.DDTest" name="DeleteAllRdu" time="0.28"/>
  <testcase classname="api.test.DDTest" name="DeleteAllRdu" time="0.26"/>
</testsuite> <!-- Default test -->
