<?xml version="1.0" encoding="UTF-8"?>
<!-- Generated by org.testng.reporters.JUnitXMLReporter -->
<testsuite ignored="0" hostname="CSCO-W-PF2PQH8B" failures="0" tests="6" name="Default test" time="4.913" errors="0" timestamp="2024-03-07T19:26:17 IST">
  <testcase classname="api.test.SearchTest" name="testCreateSession" time="2.858"/>
  <testcase classname="api.test.SearchTest" name="testCOSSearch" time="0.393"/>
  <testcase classname="api.test.SearchTest" name="testDhcpSearch" time="0.162"/>
  <testcase classname="api.test.SearchTest" name="testFileSearch" time="0.313"/>
  <testcase classname="api.test.SearchTest" name="testGroupSearch" time="0.221"/>
  <testcase classname="api.test.SearchTest" name="testSearchDevices" time="0.203"/>
</testsuite> <!-- Default test -->
