<?xml version="1.0" encoding="UTF-8"?>
<!-- Generated by org.testng.reporters.JUnitXMLReporter -->
<testsuite ignored="0" hostname="CSCO-W-PF2PQH8B" failures="0" tests="9" name="RduCURD" time="6.129" errors="0" timestamp="2024-02-27T16:46:35 IST">
  <testcase classname="api.test.RestPWSTest" name="testAddRdu" time="2.233"/>
  <testcase classname="api.test.RestPWSTest" name="testGetRdu" time="0.183"/>
  <testcase classname="api.test.RestPWSTest" name="testUpdateRdu" time="0.444"/>
  <testcase classname="api.test.RestPWSTest" name="testDeleteRdu" time="0.128"/>
  <testcase classname="api.test.COSTest" name="testCreateSession" time="0.712"/>
  <testcase classname="api.test.COSTest" name="testAddCOS" time="0.16"/>
  <testcase classname="api.test.COSTest" name="testGetCOS" time="0.155"/>
  <testcase classname="api.test.COSTest" name="testUpdateCOS" time="0.284"/>
  <testcase classname="api.test.COSTest" name="testDeleteCOS" time="0.264"/>
</testsuite> <!-- RduCURD -->
