<?xml version="1.0" encoding="UTF-8"?>
<!-- Generated by org.testng.reporters.JUnitXMLReporter -->
<testsuite ignored="0" hostname="CSCO-W-PF2PQH8B" failures="2" tests="26" name="RduCURD" time="11.492" errors="0" timestamp="2024-03-07T19:27:58 IST">
  <testcase classname="api.test.RestPWSTest" name="testAddRdu" time="2.699"/>
  <testcase classname="api.test.RestPWSTest" name="testGetRdu" time="0.316"/>
  <testcase classname="api.test.RestPWSTest" name="testUpdateRdu" time="0.466"/>
  <testcase classname="api.test.RestPWSTest" name="testDeleteRdu" time="0.182"/>
  <testcase classname="api.test.COSTest" name="testCreateSession" time="0.746"/>
  <testcase classname="api.test.COSTest" name="testAddCOS" time="0.307"/>
  <testcase classname="api.test.COSTest" name="testGetCOS" time="0.201"/>
  <testcase classname="api.test.COSTest" name="testUpdateCOS" time="0.553"/>
  <testcase classname="api.test.COSTest" name="testDeleteCOS" time="0.598"/>
  <testcase classname="api.test.ServerOperationTest" name="testCreateSession" time="0.245"/>
  <testcase classname="api.test.ServerOperationTest" name="testGetAllCnrs" time="0.392"/>
  <testcase classname="api.test.ServerOperationTest" name="testGetAllDpes" time="0.216"/>
  <testcase classname="api.test.ServerOperationTest" name="testgetAllProvGrps" time="0.262"/>
  <testcase classname="api.test.ServerOperationTest" name="testgetCNRDetails" time="0.231"/>
  <testcase classname="api.test.ServerOperationTest" name="testgetDefaults" time="0.208"/>
  <testcase classname="api.test.ServerOperationTest" name="testgetDPEDefaults" time="0.209">
    <failure type="java.lang.AssertionError" message="expected [200] but found [404]">
      <![CDATA[java.lang.AssertionError: expected [200] but found [404]
at api.test.ServerOperationTest.testgetDPEDefaults(ServerOperationTest.java:132)
at java.base/java.util.ArrayList.forEach(ArrayList.java:1596)
... Removed 32 stack frames]]>
    </failure>
  </testcase> <!-- testgetDPEDefaults -->
  <testcase classname="api.test.ServerOperationTest" name="testgetDPEDetails" time="0.217">
    <failure type="java.lang.AssertionError" message="expected [200] but found [404]">
      <![CDATA[java.lang.AssertionError: expected [200] but found [404]
at api.test.ServerOperationTest.testgetDPEDetails(ServerOperationTest.java:144)
at java.base/java.util.ArrayList.forEach(ArrayList.java:1596)
... Removed 32 stack frames]]>
    </failure>
  </testcase> <!-- testgetDPEDetails -->
  <testcase classname="api.test.ServerOperationTest" name="testgetExtenPointSettings" time="0.156"/>
  <testcase classname="api.test.ServerOperationTest" name="testchangeDetafuls" time="0.296"/>
  <testcase classname="api.test.ServerOperationTest" name="testchangeRDUDetafuls" time="0.297"/>
  <testcase classname="api.test.SearchTest" name="testCreateSession" time="0.229"/>
  <testcase classname="api.test.SearchTest" name="testCOSSearch" time="0.173"/>
  <testcase classname="api.test.SearchTest" name="testDhcpSearch" time="0.32"/>
  <testcase classname="api.test.SearchTest" name="testFileSearch" time="0.13"/>
  <testcase classname="api.test.SearchTest" name="testGroupSearch" time="0.459"/>
  <testcase classname="api.test.SearchTest" name="testSearchDevices" time="0.154"/>
</testsuite> <!-- RduCURD -->
