<?xml version="1.0" encoding="UTF-8"?>
<testsuite xmlns:xsi="http://www.w3.org/2001/XMLSchema-instance" xsi:noNamespaceSchemaLocation="https://maven.apache.org/surefire/maven-surefire-plugin/xsd/surefire-test-report-3.0.xsd" version="3.0" name="TestSuite" time="7.451" tests="9" errors="0" skipped="0" failures="0">
  <properties>
[...]
</properties>
  <testcase name="testAddRdu" classname="api.test.RestPWSTest" time="2.636">
    <system-out><![CDATA[16:51:06.159 [main] INFO  api.test.RestPWSTest - ******Adding RDU***********
HTTP/1.1 201 
Strict-Transport-Security: max-age=0
X-Frame-Options: DENY
X-Content-Type-Options: nosniff
Location: /cp-ws-rest-prov/RDU
success: RDU Details added succcessfully : pcp-lnx-92
Content-Type: application/json;charset=UTF-8
Transfer-Encoding: chunked
Date: Mon, 26 Feb 2024 21:55:58 GMT
Keep-Alive: timeout=60
Connection: keep-alive

{
    "username": "admin",
    "password": "admin123",
    "rduHost": "pcp-lnx-92",
    "rduPort": 49188
}
16:51:08.779 [main] INFO  api.test.RestPWSTest - ******RDU Added ***********
]]></system-out>
    <system-err><![CDATA[SLF4J: Failed to load class "org.slf4j.impl.StaticLoggerBinder".
SLF4J: Defaulting to no-operation (NOP) logger implementation
SLF4J: See http://www.slf4j.org/codes.html#StaticLoggerBinder for further details.
]]></system-err>
  </testcase>
  <testcase name="testGetRdu" classname="api.test.RestPWSTest" time="0.16">
    <system-out><![CDATA[16:51:08.791 [main] INFO  api.test.RestPWSTest - ******Get RDU***********
HTTP/1.1 200 
Strict-Transport-Security: max-age=0
X-Frame-Options: DENY
X-Content-Type-Options: nosniff
Content-Type: application/json;charset=UTF-8
Transfer-Encoding: chunked
Date: Mon, 26 Feb 2024 21:55:58 GMT
Keep-Alive: timeout=60
Connection: keep-alive

[
    {
        "username": "admin",
        "password": "admin123",
        "rduHost": "pcp-lnx-92",
        "rduPort": 49188
    },
    {
        "username": "admin",
        "password": "admin123",
        "rduHost": "pcp-lnx-124.cisco.com",
        "rduPort": 49188
    }
]
]]></system-out>
  </testcase>
  <testcase name="testUpdateRdu" classname="api.test.RestPWSTest" time="0.353">
    <system-out><![CDATA[16:51:08.955 [main] INFO  api.test.RestPWSTest - ******Update RDU***********
HTTP/1.1 204 
Strict-Transport-Security: max-age=0
X-Frame-Options: DENY
X-Content-Type-Options: nosniff
Date: Mon, 26 Feb 2024 21:55:58 GMT
Keep-Alive: timeout=60
Connection: keep-alive
HTTP/1.1 200 
Strict-Transport-Security: max-age=0
X-Frame-Options: DENY
X-Content-Type-Options: nosniff
Content-Type: application/json;charset=UTF-8
Transfer-Encoding: chunked
Date: Mon, 26 Feb 2024 21:55:58 GMT
Keep-Alive: timeout=60
Connection: keep-alive

[
    {
        "username": "admin1",
        "password": "admin123",
        "rduHost": "pcp-lnx-92",
        "rduPort": 49188
    },
    {
        "username": "admin",
        "password": "admin123",
        "rduHost": "pcp-lnx-124.cisco.com",
        "rduPort": 49188
    }
]
16:51:09.308 [main] INFO  api.test.RestPWSTest - ******Updated RDU Details***********
]]></system-out>
  </testcase>
  <testcase name="testDeleteRdu" classname="api.test.RestPWSTest" time="0.124">
    <system-out><![CDATA[16:51:09.313 [main] INFO  api.test.RestPWSTest - ******Delete RDU***********
HTTP/1.1 204 
Strict-Transport-Security: max-age=0
X-Frame-Options: DENY
X-Content-Type-Options: nosniff
Date: Mon, 26 Feb 2024 21:55:58 GMT
Keep-Alive: timeout=60
Connection: keep-alive
16:51:09.437 [main] INFO  api.test.RestPWSTest - ******Deleted RDU***********
]]></system-out>
  </testcase>
  <testcase name="testCreateSession" classname="api.test.COSTest" time="0.84">
    <system-out><![CDATA[16:51:09.446 [main] INFO  api.test.COSTest - ************* Creating Session **********
HTTP/1.1 200 
Strict-Transport-Security: max-age=0
X-Frame-Options: DENY
X-Content-Type-Options: nosniff
Content-Type: application/json;charset=UTF-8
Transfer-Encoding: chunked
Date: Mon, 26 Feb 2024 21:55:58 GMT
Keep-Alive: timeout=60
Connection: keep-alive

{
    "sessionId": "110DC1BD2552B7F1AD810C2BA2B801D2A17FF37A"
}
16:51:10.285 [main] INFO  api.test.COSTest - *************  Session Created **********
]]></system-out>
  </testcase>
  <testcase name="testAddCOS" classname="api.test.COSTest" time="0.149">
    <system-out><![CDATA[HTTP/1.1 200 
Strict-Transport-Security: max-age=0
X-Frame-Options: DENY
X-Content-Type-Options: nosniff
Content-Type: application/json;charset=UTF-8
Transfer-Encoding: chunked
Date: Mon, 26 Feb 2024 21:55:59 GMT
Keep-Alive: timeout=60
Connection: keep-alive

{
    "operationId": "61b81a80-4256-4923-8491-5f6a68c5aef3",
    "code": "SUCCESS",
    "message": "Operation successful",
    "subStatus": {
        "statusList": [
            {
                "txId": "Batch:pcp-lnx-125.cisco.com/10.78.109.33:64e25776:18dcc3d7169:8000008c",
                "cmdCodes": [
                    {
                        "index": 0,
                        "code": "CMD_OK",
                        "message": null
                    }
                ],
                "code": "CMD_OK",
                "batchCode": "BATCH_COMPLETED",
                "message": null
            }
        ]
    }
}
16:51:10.436 [main] INFO  api.test.COSTest - ************* COS ADDED SUCCESSFULLY  **********
]]></system-out>
  </testcase>
  <testcase name="testGetCOS" classname="api.test.COSTest" time="0.146">
    <system-out><![CDATA[16:51:10.440 [main] INFO  api.test.COSTest - ************* GET COS Details  **********
HTTP/1.1 200 
Strict-Transport-Security: max-age=0
X-Frame-Options: DENY
X-Content-Type-Options: nosniff
Content-Type: application/json;charset=UTF-8
Transfer-Encoding: chunked
Date: Mon, 26 Feb 2024 21:55:59 GMT
Keep-Alive: timeout=60
Connection: keep-alive

{
    "classOfService": {
        "name": "testCOS8",
        "deviceType": "DOCSISModem",
        "properties": {
            "/cos/deviceType": "DOCSISModem",
            "/cos/assignedDomain": "RootDomain",
            "/fqdn/domain": "cisco.com",
            "/fqdn/auto/enable": "true",
            "/cos/docsis/file": "gold.cm",
            "/generic/oidRevisionNumber": "1873497449281093756-1708984561001"
        }
    },
    "operationStatus": {
        "operationId": "4bbd137d-a93a-424c-bedd-ce87311ba63f",
        "code": "SUCCESS",
        "message": "Operation successful",
        "subStatus": {
            "statusList": [
                {
                    "txId": "Batch:pcp-lnx-125.cisco.com/10.78.109.33:64e25776:18dcc3d7169:8000008e",
                    "cmdCodes": [
                        {
                            "index": 0,
                            "code": "CMD_OK",
                            "message": null
                        }
                    ],
                    "code": "CMD_OK",
                    "batchCode": "BATCH_COMPLETED",
                    "message": null
                }
            ]
        }
    }
}
]]></system-out>
  </testcase>
  <testcase name="testUpdateCOS" classname="api.test.COSTest" time="0.26">
    <system-out><![CDATA[HTTP/1.1 200 
Strict-Transport-Security: max-age=0
X-Frame-Options: DENY
X-Content-Type-Options: nosniff
Content-Type: application/json;charset=UTF-8
Transfer-Encoding: chunked
Date: Mon, 26 Feb 2024 21:55:59 GMT
Keep-Alive: timeout=60
Connection: keep-alive

{
    "operationId": "0045cf70-2f6c-490f-8375-fd79e46b2942",
    "code": "SUCCESS",
    "message": "Operation successful",
    "subStatus": {
        "statusList": [
            {
                "txId": "Batch:pcp-lnx-125.cisco.com/10.78.109.33:64e25776:18dcc3d7169:80000090",
                "cmdCodes": [
                    {
                        "index": 0,
                        "code": "CMD_OK",
                        "message": null
                    }
                ],
                "code": "CMD_OK",
                "batchCode": "BATCH_WARNING",
                "message": null
            }
        ]
    }
}
16:51:10.742 [main] INFO  api.test.COSTest - ************* UPDATED COS Details  **********
16:51:10.742 [main] INFO  api.test.COSTest - ************* GET COS Details after successful Update **********
HTTP/1.1 200 
Strict-Transport-Security: max-age=0
X-Frame-Options: DENY
X-Content-Type-Options: nosniff
Content-Type: application/json;charset=UTF-8
Transfer-Encoding: chunked
Date: Mon, 26 Feb 2024 21:55:59 GMT
Keep-Alive: timeout=60
Connection: keep-alive

{
    "classOfService": {
        "name": "testCOS8",
        "deviceType": "DOCSISModem",
        "properties": {
            "/cos/deviceType": "DOCSISModem",
            "/cos/assignedDomain": "RootDomain",
            "/fqdn/domain": "mani.com",
            "/fqdn/auto/enable": "true",
            "/cos/docsis/file": "gold.cm",
            "/generic/oidRevisionNumber": "1873497449281093756-1708984561002"
        }
    },
    "operationStatus": {
        "operationId": "079eef40-10e2-46bd-a3f6-cc63b86125cd",
        "code": "SUCCESS",
        "message": "Operation successful",
        "subStatus": {
            "statusList": [
                {
                    "txId": "Batch:pcp-lnx-125.cisco.com/10.78.109.33:64e25776:18dcc3d7169:80000092",
                    "cmdCodes": [
                        {
                            "index": 0,
                            "code": "CMD_OK",
                            "message": null
                        }
                    ],
                    "code": "CMD_OK",
                    "batchCode": "BATCH_COMPLETED",
                    "message": null
                }
            ]
        }
    }
}
]]></system-out>
  </testcase>
  <testcase name="testDeleteCOS" classname="api.test.COSTest" time="0.308">
    <system-out><![CDATA[HTTP/1.1 200 
Strict-Transport-Security: max-age=0
X-Frame-Options: DENY
X-Content-Type-Options: nosniff
Content-Type: application/json;charset=UTF-8
Transfer-Encoding: chunked
Date: Mon, 26 Feb 2024 21:55:59 GMT
Keep-Alive: timeout=60
Connection: keep-alive

{
    "operationId": "abc4fd1c-f8ec-47ac-a73d-c1ab96f6780c",
    "code": "SUCCESS",
    "message": "Operation successful",
    "subStatus": {
        "statusList": [
            {
                "txId": "Batch:pcp-lnx-125.cisco.com/10.78.109.33:64e25776:18dcc3d7169:80000094",
                "cmdCodes": [
                    {
                        "index": 0,
                        "code": "CMD_OK",
                        "message": null
                    }
                ],
                "code": "CMD_OK",
                "batchCode": "BATCH_COMPLETED",
                "message": null
            }
        ]
    }
}
16:51:11.039 [main] INFO  api.test.COSTest - ************* COS DELETED SUCCESSFULLY  **********
HTTP/1.1 404 
Strict-Transport-Security: max-age=0
X-Frame-Options: DENY
X-Content-Type-Options: nosniff
Content-Type: application/json;charset=UTF-8
Transfer-Encoding: chunked
Date: Mon, 26 Feb 2024 21:55:59 GMT
Keep-Alive: timeout=60
Connection: keep-alive

{
    "status": "Prov Service Exception",
    "errorMessage": "Class of Service [testCOS8] is not in database.",
    "operationStatus": {
        "operationId": "102b83cc-5002-4679-b0b3-196764d63cb8",
        "code": "FAILURE",
        "message": "Class of Service [testCOS8] is not in database.",
        "subStatus": {
            "statusList": [
                {
                    "txId": "Batch:pcp-lnx-125.cisco.com/10.78.109.33:64e25776:18dcc3d7169:80000096",
                    "cmdCodes": [
                        {
                            "index": 0,
                            "code": "CMD_ERROR_CLASS_OF_SERVICE_UNKNOWN",
                            "message": "Class of Service [testCOS8] is not in database."
                        }
                    ],
                    "code": "CMD_ERROR_CLASS_OF_SERVICE_UNKNOWN",
                    "batchCode": "BATCH_FAILED_QUERY",
                    "message": "Error occurred during query. See the failed CommandStatus for details."
                }
            ]
        }
    }
}
16:51:11.199 [main] INFO  api.test.COSTest - ************* THE DELETED COS IS NOT IN DB  **********
]]></system-out>
  </testcase>
</testsuite>