<?xml version="1.0" encoding="UTF-8"?>
<testng-results ignored="0" total="4" passed="4" failed="0" skipped="0">
  <reporter-output>
  </reporter-output>
  <suite started-at="2024-02-22T16:06:15 IST" name="RESTOperations" finished-at="2024-02-22T16:06:21 IST" duration-ms="6607">
    <groups>
    </groups>
    <test started-at="2024-02-22T16:06:15 IST" name="RduCURD" finished-at="2024-02-22T16:06:21 IST" duration-ms="6607">
      <class name="api.test.RestPWSTest">
        <test-method is-config="true" signature="InputData()[pri:0, instance:api.test.RestPWSTest@3d34d211]" started-at="2024-02-22T16:06:15 IST" name="InputData" finished-at="2024-02-22T16:06:16 IST" duration-ms="820" status="PASS">
          <reporter-output>
          </reporter-output>
        </test-method> <!-- InputData -->
        <test-method signature="testAddRdu()[pri:1, instance:api.test.RestPWSTest@3d34d211]" started-at="2024-02-22T16:06:16 IST" name="testAddRdu" finished-at="2024-02-22T16:06:20 IST" duration-ms="3975" status="PASS">
          <reporter-output>
          </reporter-output>
        </test-method> <!-- testAddRdu -->
        <test-method signature="testGetRdu()[pri:2, instance:api.test.RestPWSTest@3d34d211]" started-at="2024-02-22T16:06:20 IST" name="testGetRdu" finished-at="2024-02-22T16:06:20 IST" duration-ms="328" status="PASS">
          <reporter-output>
          </reporter-output>
        </test-method> <!-- testGetRdu -->
        <test-method signature="testUpdateRdu()[pri:3, instance:api.test.RestPWSTest@3d34d211]" started-at="2024-02-22T16:06:20 IST" name="testUpdateRdu" finished-at="2024-02-22T16:06:21 IST" duration-ms="896" status="PASS">
          <reporter-output>
          </reporter-output>
        </test-method> <!-- testUpdateRdu -->
        <test-method signature="testDeleteRdu()[pri:4, instance:api.test.RestPWSTest@3d34d211]" started-at="2024-02-22T16:06:21 IST" name="testDeleteRdu" finished-at="2024-02-22T16:06:21 IST" duration-ms="209" status="PASS">
          <reporter-output>
          </reporter-output>
        </test-method> <!-- testDeleteRdu -->
      </class> <!-- api.test.RestPWSTest -->
    </test> <!-- RduCURD -->
  </suite> <!-- RESTOperations -->
</testng-results>
