<?xml version="1.0" encoding="UTF-8"?>
<testng-results ignored="0" total="4" passed="4" failed="0" skipped="0">
  <reporter-output>
  </reporter-output>
  <suite started-at="2024-02-22T10:29:17 IST" name="RESTOperations" finished-at="2024-02-22T10:29:22 IST" duration-ms="5365">
    <groups>
    </groups>
    <test started-at="2024-02-22T10:29:17 IST" name="RduCURD" finished-at="2024-02-22T10:29:22 IST" duration-ms="5365">
      <class name="api.test.RestPWSTest">
        <test-method is-config="true" signature="InputData()[pri:0, instance:api.test.RestPWSTest@68e965f5]" started-at="2024-02-22T10:29:18 IST" name="InputData" finished-at="2024-02-22T10:29:19 IST" duration-ms="1038" status="PASS">
          <reporter-output>
          </reporter-output>
        </test-method> <!-- InputData -->
        <test-method signature="testAddRdu()[pri:1, instance:api.test.RestPWSTest@68e965f5]" started-at="2024-02-22T10:29:19 IST" name="testAddRdu" finished-at="2024-02-22T10:29:22 IST" duration-ms="3073" status="PASS">
          <reporter-output>
          </reporter-output>
        </test-method> <!-- testAddRdu -->
        <test-method signature="testGetRdu()[pri:2, instance:api.test.RestPWSTest@68e965f5]" started-at="2024-02-22T10:29:22 IST" name="testGetRdu" finished-at="2024-02-22T10:29:22 IST" duration-ms="214" status="PASS">
          <reporter-output>
          </reporter-output>
        </test-method> <!-- testGetRdu -->
        <test-method signature="testUpdateRdu()[pri:3, instance:api.test.RestPWSTest@68e965f5]" started-at="2024-02-22T10:29:22 IST" name="testUpdateRdu" finished-at="2024-02-22T10:29:22 IST" duration-ms="455" status="PASS">
          <reporter-output>
          </reporter-output>
        </test-method> <!-- testUpdateRdu -->
        <test-method signature="testDeleteRdu()[pri:4, instance:api.test.RestPWSTest@68e965f5]" started-at="2024-02-22T10:29:22 IST" name="testDeleteRdu" finished-at="2024-02-22T10:29:22 IST" duration-ms="161" status="PASS">
          <reporter-output>
          </reporter-output>
        </test-method> <!-- testDeleteRdu -->
      </class> <!-- api.test.RestPWSTest -->
    </test> <!-- RduCURD -->
  </suite> <!-- RESTOperations -->
</testng-results>
